ln -s /home/devo/proj/Dougs-Networking-Prerequisites/xmlrpc-c/examples/cpp/../../xmlrpc_config.h config.h

g++ -c -I. -I/home/devo/proj/Dougs-Networking-Prerequisites/xmlrpc-c/include
-I/home/doug/proj/Dougs-Networking-Prerequisites/xmlrpc-c/include     xmlrpc_inetd_server.cpp

g++
-o xmlrpc_inetd_server xmlrpc_inetd_server.o
      /home/doug/proj/Dougs-Networking-Prerequisites/xmlrpc-c/src/cpp/libxmlrpc_server_abyss++.a
      /home/doug/proj/Dougs-Networking-Prerequisites/xmlrpc-c/src/cpp/libxmlrpc_server++.a
  /home/doug/proj/Dougs-Networking-Prerequisites/xmlrpc-c/lib/abyss++/libxmlrpc_abyss++.a
          /home/doug/proj/Dougs-Networking-Prerequisites/xmlrpc-c/src/libxmlrpc_server_abyss.a
          /home/doug/proj/Dougs-Networking-Prerequisites/xmlrpc-c/src/libxmlrpc_server.a
/home/doug/proj/Dougs-Networking-Prerequisites/xmlrpc-c/lib/abyss/src/libxmlrpc_abyss.a
-lssl
-lcrypto
/home/doug/proj/Dougs-Networking-Prerequisites/xmlrpc-c/src/cpp/libxmlrpc++.a
/home/doug/proj/Dougs-Networking-Prerequisites/xmlrpc-c/lib/libutil++/libxmlrpc_util++.a
/home/doug/proj/Dougs-Networking-Prerequisites/xmlrpc-c/src/libxmlrpc.a
/home/doug/proj/Dougs-Networking-Prerequisites/xmlrpc-c/lib/expat/xmlparse/libxmlrpc_xmlparse.a
/home/doug/proj/Dougs-Networking-Prerequisites/xmlrpc-c/lib/expat/xmltok/libxmlrpc_xmltok.a
/home/doug/proj/Dougs-Networking-Prerequisites/xmlrpc-c/lib/libutil/libxmlrpc_util.a -lpthread

g++ -c -I. -I/home/doug/proj/Dougs-Networking-Prerequisites/xmlrpc-c/include -I/home/doug/proj/Dougs-Networking-Prerequisites/xmlrpc-c/include     xmlrpc_loop_server.cpp
g++ -o xmlrpc_loop_server xmlrpc_loop_server.o   /home/doug/proj/Dougs-Networking-Prerequisites/xmlrpc-c/src/cpp/libxmlrpc_server_abyss++.a /home/doug/proj/Dougs-Networking-Prerequisites/xmlrpc-c/src/cpp/libxmlrpc_server++.a /home/doug/proj/Dougs-Networking-Prerequisites/xmlrpc-c/lib/abyss++/libxmlrpc_abyss++.a /home/doug/proj/Dougs-Networking-Prerequisites/xmlrpc-c/src/libxmlrpc_server_abyss.a /home/doug/proj/Dougs-Networking-Prerequisites/xmlrpc-c/src/libxmlrpc_server.a /home/doug/proj/Dougs-Networking-Prerequisites/xmlrpc-c/lib/abyss/src/libxmlrpc_abyss.a -lssl -lcrypto   /home/doug/proj/Dougs-Networking-Prerequisites/xmlrpc-c/src/cpp/libxmlrpc++.a /home/doug/proj/Dougs-Networking-Prerequisites/xmlrpc-c/lib/libutil++/libxmlrpc_util++.a /home/doug/proj/Dougs-Networking-Prerequisites/xmlrpc-c/src/libxmlrpc.a /home/doug/proj/Dougs-Networking-Prerequisites/xmlrpc-c/lib/expat/xmlparse/libxmlrpc_xmlparse.a /home/doug/proj/Dougs-Networking-Prerequisites/xmlrpc-c/lib/expat/xmltok/libxmlrpc_xmltok.a /home/doug/proj/Dougs-Networking-Prerequisites/xmlrpc-c/lib/libutil/libxmlrpc_util.a -lpthread

-------------------------------------------------------------------------------------------------------
SAMPLE ADD SERVER
g++ -c
-I.
-I/home/doug/proj/Dougs-Networking-Prerequisites/xmlrpc-c/include
-I/home/doug/proj/Dougs-Networking-Prerequisites/xmlrpc-c/include
xmlrpc_sample_add_server.cpp
g++
-o xmlrpc_sample_add_server
xmlrpc_sample_add_server.o
/home/doug/proj/Dougs-Networking-Prerequisites/xmlrpc-c/src/cpp/libxmlrpc_server_abyss++.a
/home/doug/proj/Dougs-Networking-Prerequisites/xmlrpc-c/src/cpp/libxmlrpc_server++.a
/home/doug/proj/Dougs-Networking-Prerequisites/xmlrpc-c/lib/abyss++/libxmlrpc_abyss++.a
/home/doug/proj/Dougs-Networking-Prerequisites/xmlrpc-c/src/libxmlrpc_server_abyss.a
/home/doug/proj/Dougs-Networking-Prerequisites/xmlrpc-c/src/libxmlrpc_server.a
/home/doug/proj/Dougs-Networking-Prerequisites/xmlrpc-c/lib/abyss/src/libxmlrpc_abyss.a
-lssl
-lcrypto
/home/doug/proj/Dougs-Networking-Prerequisites/xmlrpc-c/src/cpp/libxmlrpc++.a
/home/doug/proj/Dougs-Networking-Prerequisites/xmlrpc-c/lib/libutil++/libxmlrpc_util++.a
/home/doug/proj/Dougs-Networking-Prerequisites/xmlrpc-c/src/libxmlrpc.a
/home/doug/proj/Dougs-Networking-Prerequisites/xmlrpc-c/lib/expat/xmlparse/libxmlrpc_xmlparse.a
/home/doug/proj/Dougs-Networking-Prerequisites/xmlrpc-c/lib/expat/xmltok/libxmlrpc_xmltok.a
/home/doug/proj/Dougs-Networking-Prerequisites/xmlrpc-c/lib/libutil/libxmlrpc_util.a
-lpthread

-------------------------------------------------------------------------------------------------------
g++ -c -I. -I/home/doug/proj/Dougs-Networking-Prerequisites/xmlrpc-c/include -I/home/doug/proj/Dougs-Networking-Prerequisites/xmlrpc-c/include     callinfo_abyss_server.cpp
g++ -o callinfo_abyss_server callinfo_abyss_server.o   /home/doug/proj/Dougs-Networking-Prerequisites/xmlrpc-c/src/cpp/libxmlrpc_server_abyss++.a /home/doug/proj/Dougs-Networking-Prerequisites/xmlrpc-c/src/cpp/libxmlrpc_server++.a /home/doug/proj/Dougs-Networking-Prerequisites/xmlrpc-c/lib/abyss++/libxmlrpc_abyss++.a /home/doug/proj/Dougs-Networking-Prerequisites/xmlrpc-c/src/libxmlrpc_server_abyss.a /home/doug/proj/Dougs-Networking-Prerequisites/xmlrpc-c/src/libxmlrpc_server.a /home/doug/proj/Dougs-Networking-Prerequisites/xmlrpc-c/lib/abyss/src/libxmlrpc_abyss.a -lssl -lcrypto   /home/doug/proj/Dougs-Networking-Prerequisites/xmlrpc-c/src/cpp/libxmlrpc++.a /home/doug/proj/Dougs-Networking-Prerequisites/xmlrpc-c/lib/libutil++/libxmlrpc_util++.a /home/doug/proj/Dougs-Networking-Prerequisites/xmlrpc-c/src/libxmlrpc.a /home/doug/proj/Dougs-Networking-Prerequisites/xmlrpc-c/lib/expat/xmlparse/libxmlrpc_xmlparse.a /home/doug/proj/Dougs-Networking-Prerequisites/xmlrpc-c/lib/expat/xmltok/libxmlrpc_xmltok.a /home/doug/proj/Dougs-Networking-Prerequisites/xmlrpc-c/lib/libutil/libxmlrpc_util.a -lpthread

g++ -c -I.
-I/home/doug/proj/Dougs-Networking-Prerequisites/xmlrpc-c/include
-I/home/doug/proj/Dougs-Networking-Prerequisites/xmlrpc-c/include     xmlrpc_sample_add_client.cpp
g++ -o xmlrpc_sample_add_client xmlrpc_sample_add_client.o
/home/doug/proj/Dougs-Networking-Prerequisites/xmlrpc-c/src/cpp/libxmlrpc_client++.a
/home/doug/proj/Dougs-Networking-Prerequisites/xmlrpc-c/src/libxmlrpc_client.a
/home/doug/proj/Dougs-Networking-Prerequisites/xmlrpc-c/src/cpp/libxmlrpc++.a
/home/doug/proj/Dougs-Networking-Prerequisites/xmlrpc-c/lib/libutil++/libxmlrpc_util++.a
/home/doug/proj/Dougs-Networking-Prerequisites/xmlrpc-c/src/libxmlrpc.a
/home/doug/proj/Dougs-Networking-Prerequisites/xmlrpc-c/lib/expat/xmlparse/libxmlrpc_xmlparse.a
/home/doug/proj/Dougs-Networking-Prerequisites/xmlrpc-c/lib/expat/xmltok/libxmlrpc_xmltok.a
/home/doug/proj/Dougs-Networking-Prerequisites/xmlrpc-c/lib/libutil/libxmlrpc_util.a
-lpthread
-L/usr/local/lib
-lcurl
/home/doug/proj/Dougs-Networking-Prerequisites/xmlrpc-c/src/cpp/libxmlrpc_packetsocket.a

g++ -c -I. -I/home/doug/proj/Dougs-Networking-Prerequisites/xmlrpc-c/include -I/home/doug/proj/Dougs-Networking-Prerequisites/xmlrpc-c/include     sample_add_client_complex.cpp
g++ -o sample_add_client_complex sample_add_client_complex.o   /home/doug/proj/Dougs-Networking-Prerequisites/xmlrpc-c/src/cpp/libxmlrpc_client++.a /home/doug/proj/Dougs-Networking-Prerequisites/xmlrpc-c/src/libxmlrpc_client.a /home/doug/proj/Dougs-Networking-Prerequisites/xmlrpc-c/src/cpp/libxmlrpc++.a /home/doug/proj/Dougs-Networking-Prerequisites/xmlrpc-c/lib/libutil++/libxmlrpc_util++.a /home/doug/proj/Dougs-Networking-Prerequisites/xmlrpc-c/src/libxmlrpc.a /home/doug/proj/Dougs-Networking-Prerequisites/xmlrpc-c/lib/expat/xmlparse/libxmlrpc_xmlparse.a /home/doug/proj/Dougs-Networking-Prerequisites/xmlrpc-c/lib/expat/xmltok/libxmlrpc_xmltok.a /home/doug/proj/Dougs-Networking-Prerequisites/xmlrpc-c/lib/libutil/libxmlrpc_util.a -lpthread  -L/usr/local/lib -lcurl /home/doug/proj/Dougs-Networking-Prerequisites/xmlrpc-c/src/cpp/libxmlrpc_packetsocket.a

g++ -c -I. -I/home/doug/proj/Dougs-Networking-Prerequisites/xmlrpc-c/include -I/home/doug/proj/Dougs-Networking-Prerequisites/xmlrpc-c/include     asynch_client.cpp
g++ -o asynch_client asynch_client.o   /home/doug/proj/Dougs-Networking-Prerequisites/xmlrpc-c/src/cpp/libxmlrpc_client++.a /home/doug/proj/Dougs-Networking-Prerequisites/xmlrpc-c/src/libxmlrpc_client.a /home/doug/proj/Dougs-Networking-Prerequisites/xmlrpc-c/src/cpp/libxmlrpc++.a /home/doug/proj/Dougs-Networking-Prerequisites/xmlrpc-c/lib/libutil++/libxmlrpc_util++.a /home/doug/proj/Dougs-Networking-Prerequisites/xmlrpc-c/src/libxmlrpc.a /home/doug/proj/Dougs-Networking-Prerequisites/xmlrpc-c/lib/expat/xmlparse/libxmlrpc_xmlparse.a /home/doug/proj/Dougs-Networking-Prerequisites/xmlrpc-c/lib/expat/xmltok/libxmlrpc_xmltok.a /home/doug/proj/Dougs-Networking-Prerequisites/xmlrpc-c/lib/libutil/libxmlrpc_util.a -lpthread  -L/usr/local/lib -lcurl /home/doug/proj/Dougs-Networking-Prerequisites/xmlrpc-c/src/cpp/libxmlrpc_packetsocket.a

g++ -c -I. -I/home/doug/proj/Dougs-Networking-Prerequisites/xmlrpc-c/include -I/home/doug/proj/Dougs-Networking-Prerequisites/xmlrpc-c/include     xmlrpc_sample_add_server_cgi.cpp
g++ -o xmlrpc_sample_add_server.cgi xmlrpc_sample_add_server_cgi.o   /home/doug/proj/Dougs-Networking-Prerequisites/xmlrpc-c/src/cpp/libxmlrpc_server++.a /home/doug/proj/Dougs-Networking-Prerequisites/xmlrpc-c/src/cpp/libxmlrpc_server_cgi++.a /home/doug/proj/Dougs-Networking-Prerequisites/xmlrpc-c/src/libxmlrpc_server.a /home/doug/proj/Dougs-Networking-Prerequisites/xmlrpc-c/src/cpp/libxmlrpc++.a /home/doug/proj/Dougs-Networking-Prerequisites/xmlrpc-c/lib/libutil++/libxmlrpc_util++.a /home/doug/proj/Dougs-Networking-Prerequisites/xmlrpc-c/src/libxmlrpc.a /home/doug/proj/Dougs-Networking-Prerequisites/xmlrpc-c/lib/expat/xmlparse/libxmlrpc_xmlparse.a /home/doug/proj/Dougs-Networking-Prerequisites/xmlrpc-c/lib/expat/xmltok/libxmlrpc_xmltok.a /home/doug/proj/Dougs-Networking-Prerequisites/xmlrpc-c/lib/libutil/libxmlrpc_util.a -lpthread

g++ -c -I. -I/home/doug/proj/Dougs-Networking-Prerequisites/xmlrpc-c/include -I/home/doug/proj/Dougs-Networking-Prerequisites/xmlrpc-c/include     pstream_inetd_server.cpp
g++ -o pstream_inetd_server pstream_inetd_server.o   /home/doug/proj/Dougs-Networking-Prerequisites/xmlrpc-c/src/cpp/libxmlrpc_server_pstream++.a /home/doug/proj/Dougs-Networking-Prerequisites/xmlrpc-c/src/cpp/libxmlrpc_server++.a /home/doug/proj/Dougs-Networking-Prerequisites/xmlrpc-c/src/libxmlrpc_server.a /home/doug/proj/Dougs-Networking-Prerequisites/xmlrpc-c/src/cpp/libxmlrpc_server_pstream++.a  /home/doug/proj/Dougs-Networking-Prerequisites/xmlrpc-c/src/cpp/libxmlrpc++.a /home/doug/proj/Dougs-Networking-Prerequisites/xmlrpc-c/lib/libutil++/libxmlrpc_util++.a /home/doug/proj/Dougs-Networking-Prerequisites/xmlrpc-c/src/libxmlrpc.a /home/doug/proj/Dougs-Networking-Prerequisites/xmlrpc-c/lib/expat/xmlparse/libxmlrpc_xmlparse.a /home/doug/proj/Dougs-Networking-Prerequisites/xmlrpc-c/lib/expat/xmltok/libxmlrpc_xmltok.a /home/doug/proj/Dougs-Networking-Prerequisites/xmlrpc-c/lib/libutil/libxmlrpc_util.a -lpthread  /home/doug/proj/Dougs-Networking-Prerequisites/xmlrpc-c/src/cpp/libxmlrpc_packetsocket.a

g++ -c -I. -I/home/doug/proj/Dougs-Networking-Prerequisites/xmlrpc-c/include -I/home/doug/proj/Dougs-Networking-Prerequisites/xmlrpc-c/include     pstream_serial_server.cpp
g++ -o pstream_serial_server pstream_serial_server.o   /home/doug/proj/Dougs-Networking-Prerequisites/xmlrpc-c/src/cpp/libxmlrpc_server_pstream++.a /home/doug/proj/Dougs-Networking-Prerequisites/xmlrpc-c/src/cpp/libxmlrpc_server++.a /home/doug/proj/Dougs-Networking-Prerequisites/xmlrpc-c/src/libxmlrpc_server.a /home/doug/proj/Dougs-Networking-Prerequisites/xmlrpc-c/src/cpp/libxmlrpc_server_pstream++.a  /home/doug/proj/Dougs-Networking-Prerequisites/xmlrpc-c/src/cpp/libxmlrpc++.a /home/doug/proj/Dougs-Networking-Prerequisites/xmlrpc-c/lib/libutil++/libxmlrpc_util++.a /home/doug/proj/Dougs-Networking-Prerequisites/xmlrpc-c/src/libxmlrpc.a /home/doug/proj/Dougs-Networking-Prerequisites/xmlrpc-c/lib/expat/xmlparse/libxmlrpc_xmlparse.a /home/doug/proj/Dougs-Networking-Prerequisites/xmlrpc-c/lib/expat/xmltok/libxmlrpc_xmltok.a /home/doug/proj/Dougs-Networking-Prerequisites/xmlrpc-c/lib/libutil/libxmlrpc_util.a -lpthread  /home/doug/proj/Dougs-Networking-Prerequisites/xmlrpc-c/src/cpp/libxmlrpc_packetsocket.a

g++ -c -I. -I/home/doug/proj/Dougs-Networking-Prerequisites/xmlrpc-c/include -I/home/doug/proj/Dougs-Networking-Prerequisites/xmlrpc-c/include     pstream_client.cpp
g++ -o pstream_client pstream_client.o   /home/doug/proj/Dougs-Networking-Prerequisites/xmlrpc-c/src/cpp/libxmlrpc_client++.a /home/doug/proj/Dougs-Networking-Prerequisites/xmlrpc-c/src/libxmlrpc_client.a /home/doug/proj/Dougs-Networking-Prerequisites/xmlrpc-c/src/cpp/libxmlrpc++.a /home/doug/proj/Dougs-Networking-Prerequisites/xmlrpc-c/lib/libutil++/libxmlrpc_util++.a /home/doug/proj/Dougs-Networking-Prerequisites/xmlrpc-c/src/libxmlrpc.a /home/doug/proj/Dougs-Networking-Prerequisites/xmlrpc-c/lib/expat/xmlparse/libxmlrpc_xmlparse.a /home/doug/proj/Dougs-Networking-Prerequisites/xmlrpc-c/lib/expat/xmltok/libxmlrpc_xmltok.a /home/doug/proj/Dougs-Networking-Prerequisites/xmlrpc-c/lib/libutil/libxmlrpc_util.a -lpthread  -L/usr/local/lib -lcurl /home/doug/proj/Dougs-Networking-Prerequisites/xmlrpc-c/src/cpp/libxmlrpc_packetsocket.a
